<?xml version="1.0" encoding="UTF-8"?>
<testsuite name="com.aor.numbers.ListFiltererTester" tests="3" skipped="0" failures="0" errors="0" timestamp="2022-10-18T09:27:54" hostname="LAPTOP-7KN6OJ3F" time="0.008">
  <properties/>
  <testcase name="divisible()" classname="com.aor.numbers.ListFiltererTester" time="0.004"/>
  <testcase name="tester()" classname="com.aor.numbers.ListFiltererTester" time="0.002"/>
  <testcase name="positive()" classname="com.aor.numbers.ListFiltererTester" time="0.001"/>
  <system-out><![CDATA[]]></system-out>
  <system-err><![CDATA[]]></system-err>
</testsuite>
