<?xml version="1.0" encoding="UTF-8"?>
<testsuite name="com.aor.numbers.DivisibleByFilterTest" tests="2" skipped="0" failures="0" errors="0" timestamp="2022-10-18T09:27:54" hostname="LAPTOP-7KN6OJ3F" time="0.002">
  <properties/>
  <testcase name="divisible_by_4()" classname="com.aor.numbers.DivisibleByFilterTest" time="0.001"/>
  <testcase name="divisible_by_5()" classname="com.aor.numbers.DivisibleByFilterTest" time="0.001"/>
  <system-out><![CDATA[]]></system-out>
  <system-err><![CDATA[]]></system-err>
</testsuite>
