<?xml version="1.0" encoding="UTF-8"?>
<testsuite name="FirstSpecification" tests="9" skipped="0" failures="0" errors="0" timestamp="2022-10-25T09:03:40" hostname="LAPTOP-7KN6OJ3F" time="0.467">
  <properties/>
  <testcase name="one plus one should equal two" classname="FirstSpecification" time="0.3"/>
  <testcase name="two plus two should equal four" classname="FirstSpecification" time="0.002"/>
  <testcase name="Should be able to remove from list" classname="FirstSpecification" time="0.041"/>
  <testcase name="Should get an index out of bounds when removing a nonexistent item" classname="FirstSpecification" time="0.005"/>
  <testcase name="numbers to the power of two [a: 1, b: 2, c: 1, #0]" classname="FirstSpecification" time="0.004"/>
  <testcase name="numbers to the power of two [a: 2, b: 2, c: 4, #1]" classname="FirstSpecification" time="0.001"/>
  <testcase name="numbers to the power of two [a: 3, b: 2, c: 9, #2]" classname="FirstSpecification" time="0.002"/>
  <testcase name="distinct_bug_8726" classname="FirstSpecification" time="0.067"/>
  <testcase name="GenericListDeduplicator" classname="FirstSpecification" time="0.025"/>
  <system-out><![CDATA[]]></system-out>
  <system-err><![CDATA[]]></system-err>
</testsuite>
